
[93mACE v2.1 [0m

  [94minstance[0m
    name:schur_problem_csp

  Loading variables...

  Loading constraints...

  [94mdomains[0m
    types:1  values:240  sizes:[4:60]
  [94mvariables[0m
    count:60  arrays:1  degrees:[29:1,30:2,31:2,32:2...55:2,56:2,57:2,58:1]
  [94mconstraints[0m
    count:870  groups:1  arities:[3:870]
    distribution:[ConstraintIntension:870]
    intStructures:(1,shared:869)
    wck:0.50  cpu:1.042  mem:16M107

  Building solver... 

  [94msolver[0m
    guaranteedAC:true
    wck:0.53  cpu:1.064  mem:18M204

  [94mpreprocessing[0m
    revisions:(2610,useless=2610)  values:240  unsat:false
    wck:0.01  cpu:1.074  mem:18M430

    run0  dpts:20..23  effs:492  fails:10  wrgs:15  wck:0.00  ngds:6
    run1  dpts:21..25  effs:862  fails:21  wrgs:34  wck:0.03  ngds:9
    run2  dpts:14..21  effs:1565  fails:33  wrgs:53  wck:0.04  ngds:10
    run3  dpts:19..24  effs:2022  fails:46  wrgs:78  wck:0.06  ngds:12
    run4  dpts:16..24  effs:2373  fails:60  wrgs:105  wck:0.06  ngds:14
    run5  dpts:15..22  effs:2914  fails:76  wrgs:138  wck:0.07  ngds:17
    run6  dpts:18..25  effs:3439  fails:93  wrgs:167  wck:0.08  ngds:18
    run7  dpts:15..21  effs:4255  fails:112  wrgs:209  wck:0.09  ngds:23
    run8  dpts:12..20  effs:5236  fails:133  wrgs:250  wck:0.10  ngds:24
    run9  dpts:14..19  effs:6066  fails:156  wrgs:290  wck:0.11  ngds:27
    run10  dpts:13..21  effs:6940  fails:181  wrgs:332  wck:0.12  ngds:32
    run11  dpts:15..23  effs:7682  fails:209  wrgs:383  wck:0.13  ngds:35
    run12  dpts:11..20  effs:8853  fails:240  wrgs:436  wck:0.14  ngds:40
    run13  dpts:13..21  effs:10266  fails:274  wrgs:498  wck:0.15  ngds:43
    run14  dpts:11..19  effs:11436  fails:311  wrgs:573  wck:0.17  ngds:49
    run15  dpts:14..22  effs:13072  fails:352  wrgs:656  wck:0.18  ngds:52
    run16  dpts:14..24  effs:15267  fails:397  wrgs:739  wck:0.20  ngds:55
    run17  dpts:15..25  effs:16747  fails:447  wrgs:843  wck:0.21  ngds:59
    run18  dpts:13..22  effs:18899  fails:502  wrgs:941  wck:0.23  ngds:63
    run19  dpts:13..22  effs:20710  fails:563  wrgs:1062  wck:0.24  ngds:67
    run20  dpts:14..23  effs:23128  fails:630  wrgs:1187  wck:0.26  ngds:70
    run21  dpts:13..23  effs:26279  fails:704  wrgs:1328  wck:0.28  ngds:73
    run22  dpts:12..22  effs:29706  fails:785  wrgs:1482  wck:0.31  ngds:81
    run23  dpts:13..23  effs:32606  fails:874  wrgs:1638  wck:0.34  ngds:85
    run24  dpts:16..27  effs:35899  fails:972  wrgs:1826  wck:0.36  ngds:92
    run25  dpts:9..19  effs:41083  fails:1080  wrgs:2029  wck:0.39  ngds:100
    run26  dpts:16..25  effs:46305  fails:1199  wrgs:2263  wck:0.43  ngds:106
    run27  dpts:11..20  effs:52767  fails:1330  wrgs:2508  wck:0.47  ngds:110
    run28  dpts:9..21  effs:59248  fails:1474  wrgs:2781  wck:0.52  ngds:115
    ...resetting weights (nValues: 240)
    run29  dpts:13..23  effs:65871  fails:1632  wrgs:3034  wck:0.58  ngds:117
    run30  dpts:13..32  effs:74119  fails:1806  wrgs:3394  wck:0.62  ngds:123
    run31  dpts:10..22  effs:83238  fails:1997  wrgs:3750  wck:0.69  ngds:125
    run32  dpts:11..22  effs:91921  fails:2208  wrgs:4150  wck:0.76  ngds:128
    run33  dpts:11..23  effs:100675  fails:2440  wrgs:4570  wck:0.83  ngds:132
    run34  dpts:9..21  effs:113375  fails:2695  wrgs:5038  wck:0.91  ngds:139
    run35  dpts:18..29  effs:120599  fails:2976  wrgs:5571  wck:1.02  ngds:145
    run36  dpts:9..26  effs:129359  fails:3285  wrgs:6137  wck:1.07  ngds:150
    run37  dpts:15..26  effs:141113  fails:3625  wrgs:6763  wck:1.15  ngds:156
    run38  dpts:12..24  effs:156875  fails:3999  wrgs:7446  wck:1.24  ngds:167
    run39  dpts:11..24  effs:174014  fails:4410  wrgs:8205  wck:1.36  ngds:173
    run40  dpts:13..29  effs:189900  fails:4862  wrgs:9050  wck:1.49  ngds:177
    run41  dpts:10..21  effs:213173  fails:5359  wrgs:9930  wck:1.61  ngds:184
    run42  dpts:14..25  effs:232541  fails:5906  wrgs:10969  wck:1.78  ngds:188
    run43  dpts:11..24  effs:257742  fails:6508  wrgs:12120  wck:1.92  ngds:192
    run44  dpts:20..31  effs:274222  fails:7170  wrgs:13366  wck:2.10  ngds:196
    run45  dpts:9..28  effs:302799  fails:7898  wrgs:14679  wck:2.22  ngds:205
    run46  dpts:10..22  effs:336206  fails:8699  wrgs:16168  wck:2.44  ngds:212
    run47  dpts:11..27  effs:377777  fails:9580  wrgs:17831  wck:2.68  ngds:217
    run48  dpts:17..31  effs:402093  fails:10550  wrgs:19671  wck:2.99  ngds:220
    run49  dpts:10..24  effs:455916  fails:11617  wrgs:21649  wck:3.16  ngds:230
    run50  dpts:10..28  effs:511395  fails:12790  wrgs:23810  wck:3.55  ngds:237
    run51  dpts:9..24  effs:570278  fails:14081  wrgs:26197  wck:3.95  ngds:241
    run52  dpts:8..25  effs:634768  fails:15501  wrgs:28806  wck:4.39  ngds:252
    run53  dpts:11..26  effs:691936  fails:17063  wrgs:31763  wck:4.89  ngds:260
    run54  dpts:10..29  effs:750709  fails:18781  wrgs:34961  wck:5.31  ngds:265
    run55  dpts:9..29  effs:831886  fails:20671  wrgs:38459  wck:5.74  ngds:273
    run56  dpts:12..27  effs:903053  fails:22750  wrgs:42370  wck:6.34  ngds:278
    run57  dpts:9..29  effs:1015097  fails:25037  wrgs:46585  wck:6.83  ngds:288
    run58  dpts:12..27  effs:1109812  fails:27553  wrgs:51368  wck:7.66  ngds:296
    ...resetting weights (nValues: 240)
    run59  dpts:11..59  effs:1181685  fails:29084  wrgs:53888  wck:8.34  ngds:296  sols:1

  [94mglobal[0m
    effs:1181685  revisions:(41292499,useless=40110814)  ngds:296
    stop:REACHED_GOAL  wrgs:53888  sols:1  sol1Cpu:9.83
    wck:9.32  cpu:9.831  mem:26M593


  Solution 1 in JSON format:
   {
    b: [1, 1, 1, 2, 1, 2, 2, 1, 3, 3, 2, 3, 3, 3, 1, 3, 3, 1, 2, 2, 2, 4, 1, 4, 4, 4, 4, 1, 4, 4, 3, 2, 1, 2, 4, 2, 4, 1, 4, 4, 1, 4, 2, 4, 2, 1, 2, 3, 3, 3, 1, 3, 3, 3, 3, 1, 4, 2, 2, 2]
   }

[92ms SATISFIABLE[0m
[92m
v[0m <instantiation id='sol1' type='solution'> <list> b[] </list> <values> 1x3 2 1 2 2 1 3 3 2 3x3 1 3 3 1 2x3 4 1 4x4 1 4 4 3 2 1 2 4 2 4 1 4 4 1 4 2 4 2 1 2 3x3 1 3x4 1 4 2x3 </values> </instantiation>
[92m
d WRONG DECISIONS[0m 53888
[92md FOUND SOLUTIONS[0m 1
[91md INCOMPLETE EXPLORATION[0m

c real time : 9.838
