
[93mACE v2.1 [0m

  [94minstance[0m
    name:schur_problem_csp

  Loading variables...

  Loading constraints...

  [94mdomains[0m
    types:1  values:60  sizes:[3:20]
  [94mvariables[0m
    count:20  arrays:1  degrees:[20:1,21:1,22:1,23:1...35:1,36:1,37:1,38:1]
  [94mconstraints[0m
    count:209  groups:1  arities:[2:47,3:162]
    distribution:[ConstraintIntension:209]
    intStructures:(3,shared:206)
    wck:0.69  cpu:0.984  mem:39M455

  Building solver... 

  [94msolver[0m
    guaranteedAC:true
    wck:0.73  cpu:1.007  mem:41M552

  [94mpreprocessing[0m
    revisions:(580,useless=580)  values:60  unsat:false
    wck:0.004  cpu:1.01  mem:41M552

    run0  dpts:0..1  effs:154  fails:3  wrgs:6  wck:0.00

  [94mglobal[0m
    effs:154  revisions:(4540,useless=4386)
    stop:FULL_EXPLORATION  wrgs:6
    wck:0.75  cpu:1.021  mem:41M825

[92ms UNSATISFIABLE[0m
[92m
d WRONG DECISIONS[0m 6
[92md FOUND SOLUTIONS[0m 0
[92md COMPLETE EXPLORATION[0m

c real time : 1.023
