
[93mACE v2.1 [0m

  [94minstance[0m
    name:schur_problem_csp

  Loading variables...

  Loading constraints...

  [94mdomains[0m
    types:1  values:69  sizes:[3:23]
  [94mvariables[0m
    count:23  arrays:1  degrees:[11:2,12:2,13:2,14:2...18:2,19:2,20:2,21:1]
  [94mconstraints[0m
    count:121  groups:1  arities:[3:121]
    distribution:[ConstraintIntension:121]
    intStructures:(1,shared:120)
    wck:0.24  cpu:0.793  mem:30M658

  Building solver... 

  [94msolver[0m
    guaranteedAC:true
    wck:0.27  cpu:0.813  mem:32M755

  [94mpreprocessing[0m
    revisions:(363,useless=363)  values:69  unsat:false
    wck:0.003  cpu:0.816  mem:32M755

    run0  dpts:6..11  effs:195  fails:10  wrgs:15  wck:0.00  ngds:2
    run1  dpts:6..11  effs:402  fails:21  wrgs:38  wck:0.01  ngds:4
    run2  dpts:3..8  effs:673  fails:33  wrgs:63  wck:0.02  ngds:8
    run3  dpts:4..11  effs:930  fails:46  wrgs:86  wck:0.02  ngds:10
    run4  dpts:5..11  effs:1168  fails:60  wrgs:116  wck:0.03  ngds:13
    run5  dpts:4..11  effs:1443  fails:76  wrgs:144  wck:0.03  ngds:16
    run6  dpts:3..8  effs:1779  fails:93  wrgs:174  wck:0.03  ngds:20
    run7  dpts:4..9  effs:2173  fails:112  wrgs:212  wck:0.03  ngds:24
    run8  dpts:4..22  effs:2479  fails:129  wrgs:238  wck:0.04  ngds:24  sols:1

  [94mglobal[0m
    effs:2479  revisions:(37554,useless=35075)  ngds:24
    stop:REACHED_GOAL  wrgs:238  sols:1  sol1Cpu:0.853
    wck:0.31  cpu:0.853  mem:33M290


  Solution 1 in JSON format:
   {
    b: [1, 2, 2, 1, 2, 1, 1, 1, 2, 3, 3, 2, 3, 3, 3, 3, 2, 3, 3, 1, 3, 1, 2]
   }

[92ms SATISFIABLE[0m
[92m
v[0m <instantiation id='sol1' type='solution'> <list> b[] </list> <values> 1 2 2 1 2 1x3 2 3 3 2 3x4 2 3 3 1 3 1 2 </values> </instantiation>
[92m
d WRONG DECISIONS[0m 238
[92md FOUND SOLUTIONS[0m 1
[91md INCOMPLETE EXPLORATION[0m

c real time : 0.86
