
[93mACE v2.1 [0m

  [94minstance[0m
    name:schur_problem_csp

  Loading variables...

  Loading constraints...

  [94mdomains[0m
    types:1  values:180  sizes:[3:60]
  [94mvariables[0m
    count:60  arrays:1  degrees:[29:1,30:2,31:2,32:2...55:2,56:2,57:2,58:1]
  [94mconstraints[0m
    count:870  groups:1  arities:[3:870]
    distribution:[ConstraintIntension:870]
    intStructures:(1,shared:869)
    wck:0.48  cpu:1.017  mem:16M13

  Building solver... 

  [94msolver[0m
    guaranteedAC:true
    wck:0.51  cpu:1.039  mem:18M633

  [94mpreprocessing[0m
    revisions:(2610,useless=2610)  values:180  unsat:false
    wck:0.008  cpu:1.046  mem:18M635

    run0  dpts:7..12  effs:425  fails:10  wrgs:13  wck:0.00  ngds:3
    run1  dpts:7..13  effs:835  fails:21  wrgs:35  wck:0.02  ngds:5
    run2  dpts:5..11  effs:1211  fails:33  wrgs:58  wck:0.03  ngds:7
    run3  dpts:4..8  effs:1593  fails:46  wrgs:83  wck:0.04  ngds:11
    run4  dpts:5..11  effs:1989  fails:60  wrgs:109  wck:0.05  ngds:14
    run5  dpts:5..9  effs:2610  fails:76  wrgs:140  wck:0.06  ngds:19
    run6  dpts:5..10  effs:3310  fails:93  wrgs:169  wck:0.07  ngds:21
    run7  dpts:5..10  effs:3961  fails:112  wrgs:204  wck:0.08  ngds:27
    run8  dpts:4..11  effs:4845  fails:133  wrgs:244  wck:0.09  ngds:30
    run9  dpts:4..10  effs:5487  fails:156  wrgs:291  wck:0.10  ngds:32
    run10  dpts:4..10  effs:6040  fails:181  wrgs:333  wck:0.11  ngds:36
    run11  dpts:3..9  effs:6882  fails:209  wrgs:389  wck:0.12  ngds:40
    run12  dpts:4..11  effs:8012  fails:240  wrgs:444  wck:0.13  ngds:43
    run13  dpts:2..9  effs:9226  fails:274  wrgs:510  wck:0.14  ngds:44
    run14  dpts:4..9  effs:10569  fails:311  wrgs:578  wck:0.15  ngds:51
    run15  dpts:3..11  effs:12353  fails:352  wrgs:664  wck:0.17  ngds:55
    run16  dpts:4..10  effs:13748  fails:397  wrgs:740  wck:0.18  ngds:58
    run17  dpts:4..13  effs:15492  fails:447  wrgs:828  wck:0.20  ngds:63
    run18  dpts:2..9  effs:17739  fails:502  wrgs:927  wck:0.22  ngds:66
    run19  dpts:2..9  effs:20695  fails:563  wrgs:1045  wck:0.24  ngds:69
    run20  dpts:3..9  effs:23160  fails:630  wrgs:1173  wck:0.27  ngds:77
    run21  dpts:3..12  effs:25567  fails:704  wrgs:1305  wck:0.29  ngds:81
    run22  dpts:2..10  effs:28358  fails:785  wrgs:1441  wck:0.32  ngds:82
    run23  dpts:2..12  effs:31584  fails:874  wrgs:1611  wck:0.34  ngds:84
    run24  dpts:3..11  effs:34623  fails:972  wrgs:1791  wck:0.37  ngds:88
    run25  dpts:2..10  effs:38479  fails:1080  wrgs:1977  wck:0.40  ngds:93
    run26  dpts:2..12  effs:43029  fails:1199  wrgs:2188  wck:0.43  ngds:96
    run27  dpts:3..12  effs:47111  fails:1330  wrgs:2429  wck:0.47  ngds:104
    run28  dpts:2..12  effs:53244  fails:1474  wrgs:2696  wck:0.50  ngds:111
    ...resetting weights (nValues: 180)
    run29  dpts:3..11  effs:60748  fails:1632  wrgs:2981  wck:0.55  ngds:119
    run30  dpts:3..11  effs:67234  fails:1806  wrgs:3302  wck:0.61  ngds:126
    run31  dpts:2..11  effs:75387  fails:1997  wrgs:3656  wck:0.66  ngds:129
    run32  dpts:2..10  effs:83903  fails:2208  wrgs:4042  wck:0.73  ngds:135
    run33  dpts:2..11  effs:92329  fails:2440  wrgs:4450  wck:0.80  ngds:143
    run34  dpts:1..12  effs:102092  fails:2695  wrgs:4928  wck:0.87  ngds:151
    run35  dpts:1..11  effs:112265  fails:2976  wrgs:5435  wck:0.95  ngds:157
    run36  dpts:1..10  effs:123457  fails:3285  wrgs:6001  wck:1.04  ngds:161
    run37  dpts:1..11  effs:135691  fails:3625  wrgs:6668  wck:1.14  ngds:169
    run38  dpts:1..11  effs:149297  fails:3999  wrgs:7359  wck:1.25  ngds:176
    run39  dpts:1..12  effs:163982  fails:4410  wrgs:8144  wck:1.37  ngds:182
    run40  dpts:1..12  effs:179532  fails:4862  wrgs:9014  wck:1.49  ngds:189
    run41  dpts:1..11  effs:196501  fails:5359  wrgs:9942  wck:1.62  ngds:195
    run42  dpts:0..13  effs:214951  fails:5906  wrgs:10950  wck:1.77  ngds:200
    run43  dpts:0..10  effs:235820  fails:6508  wrgs:12075  wck:1.94  ngds:204
    run44  dpts:0..7  effs:236669  fails:6532  wrgs:12122  wck:2.13  ngds:204

  [94mglobal[0m
    effs:236669  revisions:(10677003,useless=10440334)  ngds:204
    stop:FULL_EXPLORATION  wrgs:12122
    wck:2.64  cpu:3.172  mem:22M305

[92ms UNSATISFIABLE[0m
[92m
d WRONG DECISIONS[0m 12122
[92md FOUND SOLUTIONS[0m 0
[92md COMPLETE EXPLORATION[0m

c real time : 3.175
