
[93mACE v2.1 [0m

  [94minstance[0m
    name:schur_problem_csp

  Loading variables...

  Loading constraints...

  [94mdomains[0m
    types:1  values:60  sizes:[3:20]
  [94mvariables[0m
    count:20  arrays:1  degrees:[9:1,10:2,11:2,12:2...15:2,16:2,17:2,18:1]
  [94mconstraints[0m
    count:90  groups:1  arities:[3:90]
    distribution:[ConstraintIntension:90]
    intStructures:(1,shared:89)
    wck:0.29  cpu:0.801  mem:27M707

  Building solver... 

  [94msolver[0m
    guaranteedAC:true
    wck:0.32  cpu:0.821  mem:29M536

  [94mpreprocessing[0m
    revisions:(270,useless=270)  values:60  unsat:false
    wck:0.002  cpu:0.823  mem:29M536

    run0  dpts:-1..19  effs:22  wck:0.00  sols:1

  [94mglobal[0m
    effs:22  revisions:(788,useless=766)
    stop:REACHED_GOAL  sols:1  sol1Cpu:0.826
    wck:0.33  cpu:0.83  mem:29M803


  Solution 1 in JSON format:
   {
    b: [1, 1, 1, 2, 1, 2, 2, 1, 3, 3, 1, 3, 3, 3, 3, 1, 3, 2, 2, 2]
   }

[92ms SATISFIABLE[0m
[92m
v[0m <instantiation id='sol1' type='solution'> <list> b[] </list> <values> 1x3 2 1 2 2 1 3 3 1 3x4 1 3 2x3 </values> </instantiation>
[92m
d WRONG DECISIONS[0m 0
[92md FOUND SOLUTIONS[0m 1
[91md INCOMPLETE EXPLORATION[0m

c real time : 0.837
