
[93mACE v2.1 [0m

  [94minstance[0m
    name:schur_problem_csp

  Loading variables...

  Loading constraints...

  [94mdomains[0m
    types:1  values:72  sizes:[3:24]
  [94mvariables[0m
    count:24  arrays:1  degrees:[11:1,12:2,13:2,14:2...19:2,20:2,21:2,22:1]
  [94mconstraints[0m
    count:132  groups:1  arities:[3:132]
    distribution:[ConstraintIntension:132]
    intStructures:(1,shared:131)
    wck:0.28  cpu:0.822  mem:31M450

  Building solver... 

  [94msolver[0m
    guaranteedAC:true
    wck:0.30  cpu:0.843  mem:33M546

  [94mpreprocessing[0m
    revisions:(396,useless=396)  values:72  unsat:false
    wck:0.002  cpu:0.846  mem:33M546

    run0  dpts:6..11  effs:258  fails:10  wrgs:16  wck:0.00  ngds:4
    run1  dpts:5..10  effs:504  fails:21  wrgs:39  wck:0.01  ngds:5
    run2  dpts:4..9  effs:698  fails:33  wrgs:58  wck:0.02  ngds:8
    run3  dpts:5..11  effs:895  fails:46  wrgs:81  wck:0.02  ngds:10
    run4  dpts:4..9  effs:1166  fails:60  wrgs:103  wck:0.03  ngds:15
    run5  dpts:3..8  effs:1560  fails:76  wrgs:132  wck:0.03  ngds:20
    run6  dpts:4..9  effs:1931  fails:93  wrgs:163  wck:0.03  ngds:24
    run7  dpts:4..9  effs:2280  fails:112  wrgs:201  wck:0.04  ngds:27
    run8  dpts:3..9  effs:2750  fails:133  wrgs:239  wck:0.05  ngds:30
    run9  dpts:3..8  effs:3249  fails:156  wrgs:281  wck:0.06  ngds:33
    run10  dpts:3..9  effs:3746  fails:181  wrgs:327  wck:0.06  ngds:35
    run11  dpts:3..8  effs:4428  fails:209  wrgs:378  wck:0.06  ngds:39
    run12  dpts:3..10  effs:5030  fails:240  wrgs:431  wck:0.07  ngds:44
    run13  dpts:3..11  effs:5659  fails:274  wrgs:497  wck:0.08  ngds:48
    run14  dpts:2..11  effs:6632  fails:311  wrgs:573  wck:0.09  ngds:50
    run15  dpts:3..12  effs:7410  fails:352  wrgs:649  wck:0.09  ngds:56
    run16  dpts:4..13  effs:8022  fails:397  wrgs:736  wck:0.10  ngds:60
    run17  dpts:3..11  effs:8976  fails:447  wrgs:825  wck:0.10  ngds:66
    run18  dpts:3..12  effs:10056  fails:502  wrgs:928  wck:0.11  ngds:72
    run19  dpts:2..11  effs:11487  fails:563  wrgs:1060  wck:0.11  ngds:75
    run20  dpts:3..10  effs:12897  fails:630  wrgs:1185  wck:0.12  ngds:78
    run21  dpts:2..10  effs:14439  fails:704  wrgs:1328  wck:0.13  ngds:83
    run22  dpts:2..12  effs:16073  fails:785  wrgs:1479  wck:0.14  ngds:88
    run23  dpts:2..12  effs:17943  fails:874  wrgs:1631  wck:0.14  ngds:95
    run24  dpts:2..13  effs:19664  fails:972  wrgs:1811  wck:0.15  ngds:97
    run25  dpts:2..11  effs:21872  fails:1080  wrgs:2018  wck:0.16  ngds:100
    run26  dpts:2..9  effs:24450  fails:1199  wrgs:2242  wck:0.17  ngds:107
    run27  dpts:2..11  effs:27321  fails:1330  wrgs:2496  wck:0.19  ngds:112
    run28  dpts:2..11  effs:30462  fails:1474  wrgs:2762  wck:0.20  ngds:115
    ...resetting weights (nValues: 72)
    run29  dpts:2..10  effs:33989  fails:1632  wrgs:3058  wck:0.21  ngds:121
    run30  dpts:2..13  effs:37801  fails:1806  wrgs:3378  wck:0.23  ngds:126
    run31  dpts:1..9  effs:42287  fails:1997  wrgs:3728  wck:0.24  ngds:131
    run32  dpts:1..12  effs:46985  fails:2208  wrgs:4130  wck:0.26  ngds:137
    run33  dpts:1..10  effs:51929  fails:2440  wrgs:4559  wck:0.28  ngds:142
    run34  dpts:1..11  effs:57452  fails:2695  wrgs:5038  wck:0.30  ngds:148
    run35  dpts:1..11  effs:63808  fails:2976  wrgs:5582  wck:0.32  ngds:152
    run36  dpts:1..12  effs:71081  fails:3285  wrgs:6173  wck:0.34  ngds:159
    run37  dpts:0..10  effs:79183  fails:3625  wrgs:6806  wck:0.37  ngds:165
    run38  dpts:0..12  effs:87415  fails:3999  wrgs:7515  wck:0.40  ngds:172
    run39  dpts:0..10  effs:96538  fails:4387  wrgs:8245  wck:0.43  ngds:172

  [94mglobal[0m
    effs:96538  revisions:(1548662,useless=1452124)  ngds:172
    stop:FULL_EXPLORATION  wrgs:8245
    wck:0.78  cpu:1.284  mem:36M692

[92ms UNSATISFIABLE[0m
[92m
d WRONG DECISIONS[0m 8245
[92md FOUND SOLUTIONS[0m 0
[92md COMPLETE EXPLORATION[0m

c real time : 1.286
