
[93mACE v2.1 [0m

  [94minstance[0m
    name:schur_problem_csp

  Loading variables...

  Loading constraints...

  [94mdomains[0m
    types:1  values:300  sizes:[3:100]
  [94mvariables[0m
    count:100  arrays:1  degrees:[49:1,50:2,51:2,52:2...95:2,96:2,97:2,98:1]
  [94mconstraints[0m
    count:2450  groups:1  arities:[3:2450]
    distribution:[ConstraintIntension:2450]
    intStructures:(1,shared:2449)
    wck:0.81  cpu:1.289  mem:14M768

  Building solver... 

  [94msolver[0m
    guaranteedAC:true
    wck:0.84  cpu:1.318  mem:18M436

  [94mpreprocessing[0m
    revisions:(7350,useless=7350)  values:300  unsat:false
    wck:0.016  cpu:1.334  mem:18M438

    run0  dpts:7..12  effs:322  fails:10  wrgs:13  wck:0.00  ngds:2
    run1  dpts:4..9  effs:1110  fails:21  wrgs:36  wck:0.07  ngds:5
    run2  dpts:6..10  effs:1702  fails:33  wrgs:55  wck:0.10  ngds:9
    run3  dpts:5..11  effs:2492  fails:46  wrgs:80  wck:0.12  ngds:12
    run4  dpts:4..9  effs:3311  fails:60  wrgs:106  wck:0.15  ngds:15
    run5  dpts:4..10  effs:4034  fails:76  wrgs:134  wck:0.17  ngds:18
    run6  dpts:6..11  effs:4738  fails:93  wrgs:162  wck:0.19  ngds:22
    run7  dpts:5..10  effs:5571  fails:112  wrgs:196  wck:0.20  ngds:24
    run8  dpts:3..10  effs:6796  fails:133  wrgs:234  wck:0.22  ngds:25
    run9  dpts:4..10  effs:7938  fails:156  wrgs:279  wck:0.25  ngds:28
    run10  dpts:3..10  effs:8857  fails:181  wrgs:322  wck:0.27  ngds:31
    run11  dpts:5..11  effs:10375  fails:209  wrgs:371  wck:0.29  ngds:36
    run12  dpts:5..11  effs:11862  fails:240  wrgs:435  wck:0.32  ngds:41
    run13  dpts:4..9  effs:13326  fails:274  wrgs:490  wck:0.35  ngds:46
    run14  dpts:5..11  effs:14803  fails:311  wrgs:554  wck:0.37  ngds:49
    run15  dpts:4..10  effs:16514  fails:352  wrgs:628  wck:0.40  ngds:52
    run16  dpts:3..10  effs:18382  fails:397  wrgs:703  wck:0.43  ngds:55
    run17  dpts:3..9  effs:20946  fails:447  wrgs:792  wck:0.46  ngds:61
    run18  dpts:3..11  effs:23613  fails:502  wrgs:897  wck:0.51  ngds:65
    run19  dpts:3..11  effs:26622  fails:563  wrgs:1012  wck:0.56  ngds:70
    run20  dpts:3..10  effs:30009  fails:630  wrgs:1124  wck:0.61  ngds:74
    run21  dpts:2..14  effs:33419  fails:704  wrgs:1261  wck:0.67  ngds:78
    run22  dpts:3..10  effs:36897  fails:785  wrgs:1404  wck:0.73  ngds:81
    run23  dpts:3..10  effs:41347  fails:874  wrgs:1561  wck:0.80  ngds:86
    run24  dpts:2..10  effs:45607  fails:972  wrgs:1745  wck:0.87  ngds:90
    run25  dpts:2..11  effs:50738  fails:1080  wrgs:1945  wck:0.94  ngds:96
    run26  dpts:3..12  effs:55251  fails:1199  wrgs:2171  wck:1.03  ngds:102
    run27  dpts:3..13  effs:60775  fails:1330  wrgs:2408  wck:1.10  ngds:112
    run28  dpts:2..14  effs:66643  fails:1474  wrgs:2680  wck:1.20  ngds:115
    ...resetting weights (nValues: 300)
    run29  dpts:3..12  effs:74265  fails:1632  wrgs:2967  wck:1.29  ngds:124
    run30  dpts:2..10  effs:81344  fails:1806  wrgs:3262  wck:1.42  ngds:131
    run31  dpts:2..11  effs:88299  fails:1997  wrgs:3616  wck:1.53  ngds:135
    run32  dpts:2..12  effs:95272  fails:2208  wrgs:4006  wck:1.65  ngds:143
    run33  dpts:1..10  effs:104308  fails:2440  wrgs:4425  wck:1.77  ngds:149
    run34  dpts:2..12  effs:114417  fails:2695  wrgs:4914  wck:1.92  ngds:158
    run35  dpts:2..11  effs:124065  fails:2976  wrgs:5413  wck:2.09  ngds:165
    run36  dpts:2..12  effs:134616  fails:3285  wrgs:6007  wck:2.25  ngds:170
    run37  dpts:1..10  effs:147246  fails:3625  wrgs:6653  wck:2.42  ngds:176
    run38  dpts:2..12  effs:161108  fails:3999  wrgs:7354  wck:2.63  ngds:184
    run39  dpts:1..12  effs:177172  fails:4410  wrgs:8115  wck:2.87  ngds:191
    run40  dpts:1..12  effs:194198  fails:4862  wrgs:8951  wck:3.13  ngds:197
    run41  dpts:1..12  effs:211525  fails:5359  wrgs:9909  wck:3.42  ngds:205
    run42  dpts:0..11  effs:232312  fails:5906  wrgs:10896  wck:3.73  ngds:210
    run43  dpts:0..12  effs:255939  fails:6508  wrgs:12043  wck:4.09  ngds:215
    run44  dpts:0..9  effs:265954  fails:6771  wrgs:12528  wck:4.47  ngds:215

  [94mglobal[0m
    effs:265954  revisions:(19297562,useless=19031608)  ngds:215
    stop:FULL_EXPLORATION  wrgs:12528
    wck:5.48  cpu:5.931  mem:22M108

[92ms UNSATISFIABLE[0m
[92m
d WRONG DECISIONS[0m 12528
[92md FOUND SOLUTIONS[0m 0
[92md COMPLETE EXPLORATION[0m

c real time : 5.933
