
[93mACE v2.1 [0m

  [94minstance[0m
    name:schur_problem_csp

  Loading variables...

  Loading constraints...

  [94mdomains[0m
    types:1  values:129  sizes:[3:43]
  [94mvariables[0m
    count:43  arrays:1  degrees:[21:2,22:2,23:2,24:2...38:2,39:2,40:2,41:1]
  [94mconstraints[0m
    count:441  groups:1  arities:[3:441]
    distribution:[ConstraintIntension:441]
    intStructures:(1,shared:440)
    wck:0.37  cpu:0.898  mem:26M20

  Building solver... 

  [94msolver[0m
    guaranteedAC:true
    wck:0.40  cpu:0.92  mem:28M117

  [94mpreprocessing[0m
    revisions:(1323,useless=1323)  values:129  unsat:false
    wck:0.005  cpu:0.926  mem:28M117

    run0  dpts:7..11  effs:374  fails:10  wrgs:16  wck:0.00  ngds:5
    run1  dpts:6..14  effs:563  fails:21  wrgs:36  wck:0.02  ngds:6
    run2  dpts:7..12  effs:882  fails:33  wrgs:61  wck:0.02  ngds:8
    run3  dpts:6..11  effs:1233  fails:46  wrgs:82  wck:0.03  ngds:10
    run4  dpts:6..12  effs:1553  fails:60  wrgs:108  wck:0.04  ngds:12
    run5  dpts:4..10  effs:2169  fails:76  wrgs:137  wck:0.04  ngds:16
    run6  dpts:5..11  effs:2695  fails:93  wrgs:170  wck:0.05  ngds:19
    run7  dpts:4..10  effs:3282  fails:112  wrgs:206  wck:0.05  ngds:21
    run8  dpts:4..11  effs:3755  fails:133  wrgs:250  wck:0.06  ngds:23
    run9  dpts:4..10  effs:4382  fails:156  wrgs:295  wck:0.07  ngds:25
    run10  dpts:3..8  effs:5273  fails:181  wrgs:342  wck:0.07  ngds:28
    run11  dpts:4..11  effs:5876  fails:209  wrgs:388  wck:0.08  ngds:31
    run12  dpts:3..10  effs:7048  fails:240  wrgs:447  wck:0.09  ngds:35
    run13  dpts:5..15  effs:7844  fails:274  wrgs:509  wck:0.10  ngds:38
    run14  dpts:3..12  effs:8928  fails:311  wrgs:578  wck:0.10  ngds:42
    run15  dpts:3..10  effs:10302  fails:352  wrgs:656  wck:0.11  ngds:47
    run16  dpts:3..9  effs:11956  fails:397  wrgs:741  wck:0.12  ngds:50
    run17  dpts:3..9  effs:13698  fails:447  wrgs:835  wck:0.13  ngds:58
    run18  dpts:3..11  effs:15530  fails:502  wrgs:931  wck:0.14  ngds:63
    run19  dpts:3..9  effs:17907  fails:563  wrgs:1053  wck:0.15  ngds:69
    run20  dpts:2..10  effs:20273  fails:630  wrgs:1162  wck:0.17  ngds:74
    run21  dpts:2..10  effs:22580  fails:704  wrgs:1303  wck:0.18  ngds:75
    run22  dpts:2..13  effs:25191  fails:785  wrgs:1455  wck:0.20  ngds:78
    run23  dpts:2..11  effs:28199  fails:874  wrgs:1623  wck:0.21  ngds:84
    run24  dpts:2..10  effs:30996  fails:972  wrgs:1795  wck:0.23  ngds:93
    run25  dpts:2..10  effs:34459  fails:1080  wrgs:1983  wck:0.25  ngds:98
    run26  dpts:2..12  effs:37802  fails:1199  wrgs:2204  wck:0.27  ngds:103
    run27  dpts:2..10  effs:42022  fails:1330  wrgs:2454  wck:0.30  ngds:108
    run28  dpts:2..9  effs:46587  fails:1474  wrgs:2718  wck:0.33  ngds:112
    ...resetting weights (nValues: 129)
    run29  dpts:3..11  effs:52443  fails:1632  wrgs:3005  wck:0.36  ngds:121
    run30  dpts:2..11  effs:57894  fails:1806  wrgs:3334  wck:0.39  ngds:128
    run31  dpts:2..12  effs:64555  fails:1997  wrgs:3685  wck:0.42  ngds:132
    run32  dpts:2..15  effs:71517  fails:2208  wrgs:4054  wck:0.46  ngds:140
    run33  dpts:1..10  effs:78943  fails:2440  wrgs:4486  wck:0.50  ngds:144
    run34  dpts:1..11  effs:87419  fails:2695  wrgs:4970  wck:0.54  ngds:152
    run35  dpts:1..11  effs:95488  fails:2976  wrgs:5468  wck:0.60  ngds:155
    run36  dpts:1..12  effs:105554  fails:3285  wrgs:6054  wck:0.65  ngds:161
    run37  dpts:1..11  effs:116329  fails:3625  wrgs:6662  wck:0.72  ngds:169
    run38  dpts:1..10  effs:128234  fails:3999  wrgs:7365  wck:0.78  ngds:174
    run39  dpts:0..13  effs:141363  fails:4410  wrgs:8146  wck:0.84  ngds:178
    run40  dpts:1..11  effs:154740  fails:4862  wrgs:8980  wck:0.92  ngds:188
    run41  dpts:0..14  effs:170988  fails:5359  wrgs:9860  wck:1.00  ngds:190
    run42  dpts:0..12  effs:174180  fails:5459  wrgs:10046  wck:1.10  ngds:190

  [94mglobal[0m
    effs:174180  revisions:(5430743,useless=5256563)  ngds:190
    stop:FULL_EXPLORATION  wrgs:10046
    wck:1.53  cpu:2.033  mem:30M872

[92ms UNSATISFIABLE[0m
[92m
d WRONG DECISIONS[0m 10046
[92md FOUND SOLUTIONS[0m 0
[92md COMPLETE EXPLORATION[0m

c real time : 2.035
